<?xml version="1.0" encoding="UTF-8"?>
<testng-results ignored="0" total="1" passed="0" failed="1" skipped="0">
  <reporter-output>
  </reporter-output>
  <suite started-at="2021-05-17T12:09:05Z" name="Default suite" finished-at="2021-05-17T12:09:11Z" duration-ms="5993">
    <groups>
      <group name="cucumber">
        <method signature="TestRun.feature(cucumber.api.testng.CucumberFeatureWrapper)[pri:0, instance:testRunner.TestRun@225129c]" name="feature" class="testRunner.TestRun"/>
      </group> <!-- cucumber -->
    </groups>
    <test started-at="2021-05-17T12:09:05Z" name="Default test" finished-at="2021-05-17T12:09:11Z" duration-ms="5993">
      <class name="testRunner.TestRun">
        <test-method is-config="true" signature="setUpClass()[pri:0, instance:testRunner.TestRun@225129c]" started-at="2021-05-17T12:09:05Z" name="setUpClass" finished-at="2021-05-17T12:09:06Z" duration-ms="202" status="PASS">
          <reporter-output>
          </reporter-output>
        </test-method> <!-- setUpClass -->
        <test-method signature="feature(cucumber.api.testng.CucumberFeatureWrapper)[pri:0, instance:testRunner.TestRun@225129c]" started-at="2021-05-17T12:09:06Z" name="feature" description="Runs Cucumber Feature" data-provider="features" finished-at="2021-05-17T12:09:11Z" duration-ms="5677" status="FAIL">
          <params>
            <param index="0">
              <value>
                <![CDATA[secondSample]]>
              </value>
            </param>
          </params>
          <exception class="cucumber.runtime.CucumberException">
            <message>
              <![CDATA[java.lang.NullPointerException: Cannot invoke "pageObjects.FirstSample.clickBtnFirstQiz()" because "this.first" is null]]>
            </message>
            <full-stacktrace>
              <![CDATA[cucumber.runtime.CucumberException: java.lang.NullPointerException: Cannot invoke "pageObjects.FirstSample.clickBtnFirstQiz()" because "this.first" is null
at cucumber.api.testng.TestNGCucumberRunner.runCucumber(TestNGCucumberRunner.java:69)
at testRunner.TestRun.feature(TestRun.java:37)
at java.base/jdk.internal.reflect.NativeMethodAccessorImpl.invoke0(Native Method)
at java.base/jdk.internal.reflect.NativeMethodAccessorImpl.invoke(NativeMethodAccessorImpl.java:64)
at java.base/jdk.internal.reflect.DelegatingMethodAccessorImpl.invoke(DelegatingMethodAccessorImpl.java:43)
at java.base/java.lang.reflect.Method.invoke(Method.java:564)
at org.testng.internal.MethodInvocationHelper.invokeMethod(MethodInvocationHelper.java:124)
at org.testng.internal.Invoker.invokeMethod(Invoker.java:583)
at org.testng.internal.Invoker.invokeTestMethod(Invoker.java:719)
at org.testng.internal.Invoker.invokeTestMethods(Invoker.java:989)
at org.testng.internal.TestMethodWorker.invokeTestMethods(TestMethodWorker.java:125)
at org.testng.internal.TestMethodWorker.run(TestMethodWorker.java:109)
at org.testng.TestRunner.privateRun(TestRunner.java:648)
at org.testng.TestRunner.run(TestRunner.java:505)
at org.testng.SuiteRunner.runTest(SuiteRunner.java:455)
at org.testng.SuiteRunner.runSequentially(SuiteRunner.java:450)
at org.testng.SuiteRunner.privateRun(SuiteRunner.java:415)
at org.testng.SuiteRunner.run(SuiteRunner.java:364)
at org.testng.SuiteRunnerWorker.runSuite(SuiteRunnerWorker.java:52)
at org.testng.SuiteRunnerWorker.run(SuiteRunnerWorker.java:84)
at org.testng.TestNG.runSuitesSequentially(TestNG.java:1208)
at org.testng.TestNG.runSuitesLocally(TestNG.java:1137)
at org.testng.TestNG.runSuites(TestNG.java:1049)
at org.testng.TestNG.run(TestNG.java:1017)
at org.testng.remote.AbstractRemoteTestNG.run(AbstractRemoteTestNG.java:115)
at org.testng.remote.RemoteTestNG.initAndRun(RemoteTestNG.java:251)
at org.testng.remote.RemoteTestNG.main(RemoteTestNG.java:77)
Caused by: java.lang.NullPointerException: Cannot invoke "pageObjects.FirstSample.clickBtnFirstQiz()" because "this.first" is null
at stepDefinitions.StepQuiz.clicks_on_A_first_sample_quiz_button(StepQuiz.java:135)
at ✽.And Clicks on A first sample quiz button(src/main/java/Features/Second.feature:6)
]]>
            </full-stacktrace>
          </exception> <!-- cucumber.runtime.CucumberException -->
          <reporter-output>
          </reporter-output>
        </test-method> <!-- feature -->
        <test-method is-config="true" signature="tearDownClass()[pri:0, instance:testRunner.TestRun@225129c]" started-at="2021-05-17T12:09:11Z" name="tearDownClass" finished-at="2021-05-17T12:09:11Z" duration-ms="19" status="PASS">
          <reporter-output>
          </reporter-output>
        </test-method> <!-- tearDownClass -->
      </class> <!-- testRunner.TestRun -->
    </test> <!-- Default test -->
  </suite> <!-- Default suite -->
</testng-results>
